<?xml version="1.0" encoding="UTF-8"?>
<testsuite xmlns:xsi="http://www.w3.org/2001/XMLSchema-instance" xsi:noNamespaceSchemaLocation="https://maven.apache.org/surefire/maven-surefire-plugin/xsd/surefire-test-report-3.0.xsd" version="3.0" name="com.CompleteProject.completeproject.CompleteProjectApplicationTests" time="4.605" tests="1" errors="0" skipped="0" failures="0">
  <properties>
[...]
</properties>
  <testcase name="contextLoads" classname="com.CompleteProject.completeproject.CompleteProjectApplicationTests" time="0.754">
    <system-out><![CDATA[18:11:08.662 [main] INFO org.springframework.test.context.support.AnnotationConfigContextLoaderUtils -- Could not detect default configuration classes for test class [com.CompleteProject.completeproject.CompleteProjectApplicationTests]: CompleteProjectApplicationTests does not declare any static, non-private, non-final, nested classes annotated with @Configuration.
18:11:08.869 [main] INFO org.springframework.boot.test.context.SpringBootTestContextBootstrapper -- Found @SpringBootConfiguration com.CompleteProject.completeproject.CompleteProjectApplication for test class com.CompleteProject.completeproject.CompleteProjectApplicationTests

  .   ____          _            __ _ _
 /\\ / ___'_ __ _ _(_)_ __  __ _ \ \ \ \
( ( )\___ | '_ | '_| | '_ \/ _` | \ \ \ \
 \\/  ___)| |_)| | | | | || (_| |  ) ) ) )
  '  |____| .__|_| |_|_| |_\__, | / / / /
 =========|_|==============|___/=/_/_/_/

 :: Spring Boot ::                (v3.3.4)

2026-05-18T18:11:09.806+05:30  INFO 14112 --- [complete-project] [           main] c.C.c.CompleteProjectApplicationTests    : Starting CompleteProjectApplicationTests using Java 24.0.1 with PID 14112 (started by USER in D:\OOP labsheet\New folder\complete-project)
2026-05-18T18:11:09.810+05:30  INFO 14112 --- [complete-project] [           main] c.C.c.CompleteProjectApplicationTests    : No active profile set, falling back to 1 default profile: "default"
2026-05-18T18:11:12.262+05:30  INFO 14112 --- [complete-project] [           main] c.C.c.CompleteProjectApplicationTests    : Started CompleteProjectApplicationTests in 3.129 seconds (process running for 4.533)
✔ movies.txt already exists — skipping auto-load.
]]></system-out>
    <system-err><![CDATA[WARNING: A Java agent has been loaded dynamically (C:\Users\USER\.m2\repository\net\bytebuddy\byte-buddy-agent\1.14.19\byte-buddy-agent-1.14.19.jar)
WARNING: If a serviceability tool is in use, please run with -XX:+EnableDynamicAgentLoading to hide this warning
WARNING: If a serviceability tool is not in use, please run with -Djdk.instrument.traceUsage for more information
WARNING: Dynamic loading of agents will be disallowed by default in a future release
]]></system-err>
  </testcase>
</testsuite>